2015/04/05 00:08:58 [error] [exception.CHttpException.404] exception 'CHttpException' with message 'Unable to resolve the request "gii".' in /home/praveen/public_html/yii/framework/web/CWebApplication.php:287
Stack trace:
#0 /home/praveen/public_html/yii/framework/web/CWebApplication.php(142): CWebApplication->runController('gii')
#1 /home/praveen/public_html/yii/framework/base/CApplication.php(162): CWebApplication->processRequest()
#2 /home/praveen/public_html/EazyImage/index.php(13): CApplication->run()
#3 {main}
REQUEST_URI=/EazyImage/index.php?r=gii
---
2015/04/05 00:09:31 [error] [exception.CHttpException.404] exception 'CHttpException' with message 'Unable to resolve the request "gii".' in /home/praveen/public_html/yii/framework/web/CWebApplication.php:287
Stack trace:
#0 /home/praveen/public_html/yii/framework/web/CWebApplication.php(142): CWebApplication->runController('gii')
#1 /home/praveen/public_html/yii/framework/base/CApplication.php(162): CWebApplication->processRequest()
#2 /home/praveen/public_html/EazyImage/index.php(13): CApplication->run()
#3 {main}
REQUEST_URI=/EazyImage/index.php?r=gii
---
2015/04/05 00:33:51 [error] [system.db.CDbCommand] CDbCommand::fetchAll() failed: SQLSTATE[42S02]: Base table or view not found: 1146 Table 'eazyimage.easyimage' doesn't exist. The SQL statement executed was: SHOW COLUMNS FROM `easyimage`.
in /home/praveen/public_html/EazyImage/index.php (13)
2015/04/12 14:32:38 [error] [php] include(CArray.php): failed to open stream: No such file or directory (/home/praveen/public_html/yii/framework/YiiBase.php:423)
Stack trace:
#0 /home/praveen/public_html/EazyImage/protected/extensions/image/drivers/GD.php(80): spl_autoload_call()
#1 /home/praveen/public_html/EazyImage/protected/extensions/image/Image.php(334): Image_GD_Driver->process()
#2 /home/praveen/public_html/EazyImage/protected/controllers/SiteController.php(101): Image->save()
#3 /home/praveen/public_html/yii/framework/web/actions/CInlineAction.php(50): SiteController->actionUploadImage()
#4 /home/praveen/public_html/yii/framework/web/CController.php(309): CInlineAction->runWithParams()
#5 /home/praveen/public_html/yii/framework/web/CController.php(287): SiteController->runAction()
#6 /home/praveen/public_html/yii/framework/web/CController.php(266): SiteController->runActionWithFilters()
#7 /home/praveen/public_html/yii/framework/web/CWebApplication.php(283): SiteController->run()
#8 /home/praveen/public_html/yii/framework/web/CWebApplication.php(142): CWebApplication->runController()
#9 /home/praveen/public_html/yii/framework/base/CApplication.php(162): CWebApplication->processRequest()
#10 /home/praveen/public_html/EazyImage/index.php(13): CWebApplication->run()
REQUEST_URI=/EazyImage/index.php?r=site/UploadImage
in /home/praveen/public_html/EazyImage/protected/extensions/image/drivers/GD.php (80)
in /home/praveen/public_html/EazyImage/protected/extensions/image/Image.php (334)
in /home/praveen/public_html/EazyImage/protected/controllers/SiteController.php (101)
2015/04/12 14:32:54 [error] [php] include(CArray.php): failed to open stream: No such file or directory (/home/praveen/public_html/yii/framework/YiiBase.php:423)
Stack trace:
#0 /home/praveen/public_html/EazyImage/protected/extensions/image/drivers/GD.php(80): spl_autoload_call()
#1 /home/praveen/public_html/EazyImage/protected/extensions/image/Image.php(334): Image_GD_Driver->process()
#2 /home/praveen/public_html/EazyImage/protected/controllers/SiteController.php(101): Image->save()
#3 /home/praveen/public_html/yii/framework/web/actions/CInlineAction.php(50): SiteController->actionUploadImage()
#4 /home/praveen/public_html/yii/framework/web/CController.php(309): CInlineAction->runWithParams()
#5 /home/praveen/public_html/yii/framework/web/CController.php(287): SiteController->runAction()
#6 /home/praveen/public_html/yii/framework/web/CController.php(266): SiteController->runActionWithFilters()
#7 /home/praveen/public_html/yii/framework/web/CWebApplication.php(283): SiteController->run()
#8 /home/praveen/public_html/yii/framework/web/CWebApplication.php(142): CWebApplication->runController()
#9 /home/praveen/public_html/yii/framework/base/CApplication.php(162): CWebApplication->processRequest()
#10 /home/praveen/public_html/EazyImage/index.php(13): CWebApplication->run()
REQUEST_URI=/EazyImage/index.php?r=site/UploadImage
in /home/praveen/public_html/EazyImage/protected/extensions/image/drivers/GD.php (80)
in /home/praveen/public_html/EazyImage/protected/extensions/image/Image.php (334)
in /home/praveen/public_html/EazyImage/protected/controllers/SiteController.php (101)
2015/04/12 14:35:03 [error] [php] include(CArray.php): failed to open stream: No such file or directory (/home/praveen/public_html/yii/framework/YiiBase.php:423)
Stack trace:
#0 /home/praveen/public_html/EazyImage/protected/extensions/image/drivers/GD.php(80): spl_autoload_call()
#1 /home/praveen/public_html/EazyImage/protected/extensions/image/Image.php(334): Image_GD_Driver->process()
#2 /home/praveen/public_html/EazyImage/protected/controllers/SiteController.php(101): Image->save()
#3 /home/praveen/public_html/yii/framework/web/actions/CInlineAction.php(50): SiteController->actionUploadImage()
#4 /home/praveen/public_html/yii/framework/web/CController.php(309): CInlineAction->runWithParams()
#5 /home/praveen/public_html/yii/framework/web/CController.php(287): SiteController->runAction()
#6 /home/praveen/public_html/yii/framework/web/CController.php(266): SiteController->runActionWithFilters()
#7 /home/praveen/public_html/yii/framework/web/CWebApplication.php(283): SiteController->run()
#8 /home/praveen/public_html/yii/framework/web/CWebApplication.php(142): CWebApplication->runController()
#9 /home/praveen/public_html/yii/framework/base/CApplication.php(162): CWebApplication->processRequest()
#10 /home/praveen/public_html/EazyImage/index.php(13): CWebApplication->run()
REQUEST_URI=/EazyImage/index.php?r=site/UploadImage
in /home/praveen/public_html/EazyImage/protected/extensions/image/drivers/GD.php (80)
in /home/praveen/public_html/EazyImage/protected/extensions/image/Image.php (334)
in /home/praveen/public_html/EazyImage/protected/controllers/SiteController.php (101)
2015/04/12 14:37:15 [error] [php] include(CArray.php): failed to open stream: No such file or directory (/home/praveen/public_html/yii/framework/YiiBase.php:423)
Stack trace:
#0 /home/praveen/public_html/EazyImage/protected/extensions/image/drivers/GD.php(80): spl_autoload_call()
#1 /home/praveen/public_html/EazyImage/protected/extensions/image/Image.php(334): Image_GD_Driver->process()
#2 /home/praveen/public_html/EazyImage/protected/controllers/SiteController.php(101): Image->save()
#3 /home/praveen/public_html/yii/framework/web/actions/CInlineAction.php(50): SiteController->actionUploadImage()
#4 /home/praveen/public_html/yii/framework/web/CController.php(309): CInlineAction->runWithParams()
#5 /home/praveen/public_html/yii/framework/web/CController.php(287): SiteController->runAction()
#6 /home/praveen/public_html/yii/framework/web/CController.php(266): SiteController->runActionWithFilters()
#7 /home/praveen/public_html/yii/framework/web/CWebApplication.php(283): SiteController->run()
#8 /home/praveen/public_html/yii/framework/web/CWebApplication.php(142): CWebApplication->runController()
#9 /home/praveen/public_html/yii/framework/base/CApplication.php(162): CWebApplication->processRequest()
#10 /home/praveen/public_html/EazyImage/index.php(13): CWebApplication->run()
REQUEST_URI=/EazyImage/index.php?r=site/UploadImage
in /home/praveen/public_html/EazyImage/protected/extensions/image/drivers/GD.php (80)
in /home/praveen/public_html/EazyImage/protected/extensions/image/Image.php (334)
in /home/praveen/public_html/EazyImage/protected/controllers/SiteController.php (101)
2015/04/12 14:39:05 [error] [php] include(CArray.php): failed to open stream: No such file or directory (/home/praveen/public_html/yii/framework/YiiBase.php:423)
Stack trace:
#0 /home/praveen/public_html/EazyImage/protected/extensions/image/drivers/GD.php(80): spl_autoload_call()
#1 /home/praveen/public_html/EazyImage/protected/extensions/image/Image.php(334): Image_GD_Driver->process()
#2 /home/praveen/public_html/EazyImage/protected/controllers/SiteController.php(103): Image->save()
#3 /home/praveen/public_html/yii/framework/web/actions/CInlineAction.php(50): SiteController->actionUploadImage()
#4 /home/praveen/public_html/yii/framework/web/CController.php(309): CInlineAction->runWithParams()
#5 /home/praveen/public_html/yii/framework/web/CController.php(287): SiteController->runAction()
#6 /home/praveen/public_html/yii/framework/web/CController.php(266): SiteController->runActionWithFilters()
#7 /home/praveen/public_html/yii/framework/web/CWebApplication.php(283): SiteController->run()
#8 /home/praveen/public_html/yii/framework/web/CWebApplication.php(142): CWebApplication->runController()
#9 /home/praveen/public_html/yii/framework/base/CApplication.php(162): CWebApplication->processRequest()
#10 /home/praveen/public_html/EazyImage/index.php(13): CWebApplication->run()
REQUEST_URI=/EazyImage/index.php?r=site/UploadImage
in /home/praveen/public_html/EazyImage/protected/extensions/image/drivers/GD.php (80)
in /home/praveen/public_html/EazyImage/protected/extensions/image/Image.php (334)
in /home/praveen/public_html/EazyImage/protected/controllers/SiteController.php (103)
2015/04/12 14:49:56 [error] [exception.CException] exception 'CException' with message 'image directory unwritable' in /home/praveen/public_html/EazyImage/protected/extensions/image/Image.php:332
Stack trace:
#0 /home/praveen/public_html/EazyImage/protected/controllers/SiteController.php(103): Image->save('/EazyImage/../F...')
#1 /home/praveen/public_html/yii/framework/web/actions/CInlineAction.php(50): SiteController->actionUploadImage()
#2 /home/praveen/public_html/yii/framework/web/CController.php(309): CInlineAction->runWithParams(Array)
#3 /home/praveen/public_html/yii/framework/web/CController.php(287): CController->runAction(Object(CInlineAction))
#4 /home/praveen/public_html/yii/framework/web/CController.php(266): CController->runActionWithFilters(Object(CInlineAction), Array)
#5 /home/praveen/public_html/yii/framework/web/CWebApplication.php(283): CController->run('UploadImage')
#6 /home/praveen/public_html/yii/framework/web/CWebApplication.php(142): CWebApplication->runController('site/UploadImag...')
#7 /home/praveen/public_html/yii/framework/base/CApplication.php(162): CWebApplication->processRequest()
#8 /home/praveen/public_html/EazyImage/index.php(13): CApplication->run()
#9 {main}
REQUEST_URI=/EazyImage/index.php?r=site/UploadImage
HTTP_REFERER=http://localhost/EazyImage/index.php?r=site/UploadImage
---
2015/04/12 14:56:48 [error] [php] include(CArray.php): failed to open stream: No such file or directory (/home/praveen/public_html/yii/framework/YiiBase.php:423)
Stack trace:
#0 /home/praveen/public_html/EazyImage/protected/extensions/image/drivers/GD.php(80): spl_autoload_call()
#1 /home/praveen/public_html/EazyImage/protected/extensions/image/Image.php(334): Image_GD_Driver->process()
#2 /home/praveen/public_html/EazyImage/protected/controllers/SiteController.php(101): Image->save()
#3 /home/praveen/public_html/yii/framework/web/actions/CInlineAction.php(50): SiteController->actionUploadImage()
#4 /home/praveen/public_html/yii/framework/web/CController.php(309): CInlineAction->runWithParams()
#5 /home/praveen/public_html/yii/framework/web/CController.php(287): SiteController->runAction()
#6 /home/praveen/public_html/yii/framework/web/CController.php(266): SiteController->runActionWithFilters()
#7 /home/praveen/public_html/yii/framework/web/CWebApplication.php(283): SiteController->run()
#8 /home/praveen/public_html/yii/framework/web/CWebApplication.php(142): CWebApplication->runController()
#9 /home/praveen/public_html/yii/framework/base/CApplication.php(162): CWebApplication->processRequest()
#10 /home/praveen/public_html/EazyImage/index.php(13): CWebApplication->run()
REQUEST_URI=/EazyImage/index.php?r=site/UploadImage
in /home/praveen/public_html/EazyImage/protected/extensions/image/drivers/GD.php (80)
in /home/praveen/public_html/EazyImage/protected/extensions/image/Image.php (334)
in /home/praveen/public_html/EazyImage/protected/controllers/SiteController.php (101)
2015/04/12 14:56:56 [error] [php] include(CArray.php): failed to open stream: No such file or directory (/home/praveen/public_html/yii/framework/YiiBase.php:423)
Stack trace:
#0 /home/praveen/public_html/EazyImage/protected/extensions/image/drivers/GD.php(80): spl_autoload_call()
#1 /home/praveen/public_html/EazyImage/protected/extensions/image/Image.php(334): Image_GD_Driver->process()
#2 /home/praveen/public_html/EazyImage/protected/controllers/SiteController.php(101): Image->save()
#3 /home/praveen/public_html/yii/framework/web/actions/CInlineAction.php(50): SiteController->actionUploadImage()
#4 /home/praveen/public_html/yii/framework/web/CController.php(309): CInlineAction->runWithParams()
#5 /home/praveen/public_html/yii/framework/web/CController.php(287): SiteController->runAction()
#6 /home/praveen/public_html/yii/framework/web/CController.php(266): SiteController->runActionWithFilters()
#7 /home/praveen/public_html/yii/framework/web/CWebApplication.php(283): SiteController->run()
#8 /home/praveen/public_html/yii/framework/web/CWebApplication.php(142): CWebApplication->runController()
#9 /home/praveen/public_html/yii/framework/base/CApplication.php(162): CWebApplication->processRequest()
#10 /home/praveen/public_html/EazyImage/index.php(13): CWebApplication->run()
REQUEST_URI=/EazyImage/index.php?r=site/UploadImage
in /home/praveen/public_html/EazyImage/protected/extensions/image/drivers/GD.php (80)
in /home/praveen/public_html/EazyImage/protected/extensions/image/Image.php (334)
in /home/praveen/public_html/EazyImage/protected/controllers/SiteController.php (101)
2015/04/12 14:58:13 [error] [php] include(CArray.php): failed to open stream: No such file or directory (/home/praveen/public_html/yii/framework/YiiBase.php:423)
Stack trace:
#0 /home/praveen/public_html/EazyImage/protected/extensions/image/drivers/GD.php(80): spl_autoload_call()
#1 /home/praveen/public_html/EazyImage/protected/extensions/image/Image.php(334): Image_GD_Driver->process()
#2 /home/praveen/public_html/EazyImage/protected/controllers/SiteController.php(101): Image->save()
#3 /home/praveen/public_html/yii/framework/web/actions/CInlineAction.php(50): SiteController->actionUploadImage()
#4 /home/praveen/public_html/yii/framework/web/CController.php(309): CInlineAction->runWithParams()
#5 /home/praveen/public_html/yii/framework/web/CController.php(287): SiteController->runAction()
#6 /home/praveen/public_html/yii/framework/web/CController.php(266): SiteController->runActionWithFilters()
#7 /home/praveen/public_html/yii/framework/web/CWebApplication.php(283): SiteController->run()
#8 /home/praveen/public_html/yii/framework/web/CWebApplication.php(142): CWebApplication->runController()
#9 /home/praveen/public_html/yii/framework/base/CApplication.php(162): CWebApplication->processRequest()
#10 /home/praveen/public_html/EazyImage/index.php(13): CWebApplication->run()
REQUEST_URI=/EazyImage/index.php?r=site/UploadImage
in /home/praveen/public_html/EazyImage/protected/extensions/image/drivers/GD.php (80)
in /home/praveen/public_html/EazyImage/protected/extensions/image/Image.php (334)
in /home/praveen/public_html/EazyImage/protected/controllers/SiteController.php (101)
2015/04/12 14:59:50 [error] [php] include(CArray.php): failed to open stream: No such file or directory (/home/praveen/public_html/yii/framework/YiiBase.php:423)
Stack trace:
#0 /home/praveen/public_html/EazyImage/protected/extensions/image/drivers/GD.php(80): spl_autoload_call()
#1 /home/praveen/public_html/EazyImage/protected/extensions/image/Image.php(334): Image_GD_Driver->process()
#2 /home/praveen/public_html/EazyImage/protected/controllers/SiteController.php(101): Image->save()
#3 /home/praveen/public_html/yii/framework/web/actions/CInlineAction.php(50): SiteController->actionUploadImage()
#4 /home/praveen/public_html/yii/framework/web/CController.php(309): CInlineAction->runWithParams()
#5 /home/praveen/public_html/yii/framework/web/CController.php(287): SiteController->runAction()
#6 /home/praveen/public_html/yii/framework/web/CController.php(266): SiteController->runActionWithFilters()
#7 /home/praveen/public_html/yii/framework/web/CWebApplication.php(283): SiteController->run()
#8 /home/praveen/public_html/yii/framework/web/CWebApplication.php(142): CWebApplication->runController()
#9 /home/praveen/public_html/yii/framework/base/CApplication.php(162): CWebApplication->processRequest()
#10 /home/praveen/public_html/EazyImage/index.php(13): CWebApplication->run()
REQUEST_URI=/EazyImage/index.php?r=site/UploadImage
in /home/praveen/public_html/EazyImage/protected/extensions/image/drivers/GD.php (80)
in /home/praveen/public_html/EazyImage/protected/extensions/image/Image.php (334)
in /home/praveen/public_html/EazyImage/protected/controllers/SiteController.php (101)
2015/04/12 15:22:33 [error] [php] include(CArray.php): failed to open stream: No such file or directory (/home/praveen/public_html/yii/framework/YiiBase.php:423)
Stack trace:
#0 /home/praveen/public_html/EazyImage/protected/extensions/image/drivers/GD.php(80): spl_autoload_call()
#1 /home/praveen/public_html/EazyImage/protected/extensions/image/Image.php(334): Image_GD_Driver->process()
#2 /home/praveen/public_html/EazyImage/protected/controllers/SiteController.php(101): Image->save()
#3 /home/praveen/public_html/yii/framework/web/actions/CInlineAction.php(50): SiteController->actionUploadImage()
#4 /home/praveen/public_html/yii/framework/web/CController.php(309): CInlineAction->runWithParams()
#5 /home/praveen/public_html/yii/framework/web/CController.php(287): SiteController->runAction()
#6 /home/praveen/public_html/yii/framework/web/CController.php(266): SiteController->runActionWithFilters()
#7 /home/praveen/public_html/yii/framework/web/CWebApplication.php(283): SiteController->run()
#8 /home/praveen/public_html/yii/framework/web/CWebApplication.php(142): CWebApplication->runController()
#9 /home/praveen/public_html/yii/framework/base/CApplication.php(162): CWebApplication->processRequest()
#10 /home/praveen/public_html/EazyImage/index.php(13): CWebApplication->run()
REQUEST_URI=/EazyImage/index.php?r=site/UploadImage
in /home/praveen/public_html/EazyImage/protected/extensions/image/drivers/GD.php (80)
in /home/praveen/public_html/EazyImage/protected/extensions/image/Image.php (334)
in /home/praveen/public_html/EazyImage/protected/controllers/SiteController.php (101)
2015/04/12 15:48:38 [error] [php] include(CArray.php): failed to open stream: No such file or directory (/home/praveen/public_html/yii/framework/YiiBase.php:423)
Stack trace:
#0 /home/praveen/public_html/EazyImage/protected/extensions/image/drivers/GD.php(80): spl_autoload_call()
#1 /home/praveen/public_html/EazyImage/protected/extensions/image/Image.php(334): Image_GD_Driver->process()
#2 /home/praveen/public_html/EazyImage/protected/controllers/SiteController.php(101): Image->save()
#3 /home/praveen/public_html/yii/framework/web/actions/CInlineAction.php(50): SiteController->actionUploadImage()
#4 /home/praveen/public_html/yii/framework/web/CController.php(309): CInlineAction->runWithParams()
#5 /home/praveen/public_html/yii/framework/web/CController.php(287): SiteController->runAction()
#6 /home/praveen/public_html/yii/framework/web/CController.php(266): SiteController->runActionWithFilters()
#7 /home/praveen/public_html/yii/framework/web/CWebApplication.php(283): SiteController->run()
#8 /home/praveen/public_html/yii/framework/web/CWebApplication.php(142): CWebApplication->runController()
#9 /home/praveen/public_html/yii/framework/base/CApplication.php(162): CWebApplication->processRequest()
#10 /home/praveen/public_html/EazyImage/index.php(13): CWebApplication->run()
REQUEST_URI=/EazyImage/index.php?r=site/UploadImage
in /home/praveen/public_html/EazyImage/protected/extensions/image/drivers/GD.php (80)
in /home/praveen/public_html/EazyImage/protected/extensions/image/Image.php (334)
in /home/praveen/public_html/EazyImage/protected/controllers/SiteController.php (101)
2015/04/12 15:54:55 [error] [php] include(CArray.php): failed to open stream: No such file or directory (/home/praveen/public_html/yii/framework/YiiBase.php:423)
Stack trace:
#0 /home/praveen/public_html/EazyImage/protected/extensions/image/drivers/GD.php(80): spl_autoload_call()
#1 /home/praveen/public_html/EazyImage/protected/extensions/image/Image.php(334): Image_GD_Driver->process()
#2 /home/praveen/public_html/EazyImage/protected/controllers/SiteController.php(100): Image->save()
#3 /home/praveen/public_html/yii/framework/web/actions/CInlineAction.php(50): SiteController->actionUploadImage()
#4 /home/praveen/public_html/yii/framework/web/CController.php(309): CInlineAction->runWithParams()
#5 /home/praveen/public_html/yii/framework/web/CController.php(287): SiteController->runAction()
#6 /home/praveen/public_html/yii/framework/web/CController.php(266): SiteController->runActionWithFilters()
#7 /home/praveen/public_html/yii/framework/web/CWebApplication.php(283): SiteController->run()
#8 /home/praveen/public_html/yii/framework/web/CWebApplication.php(142): CWebApplication->runController()
#9 /home/praveen/public_html/yii/framework/base/CApplication.php(162): CWebApplication->processRequest()
#10 /home/praveen/public_html/EazyImage/index.php(13): CWebApplication->run()
REQUEST_URI=/EazyImage/index.php?r=site/UploadImage
in /home/praveen/public_html/EazyImage/protected/extensions/image/drivers/GD.php (80)
in /home/praveen/public_html/EazyImage/protected/extensions/image/Image.php (334)
in /home/praveen/public_html/EazyImage/protected/controllers/SiteController.php (100)
2015/04/12 16:01:13 [error] [php] Object of class Image could not be converted to string (/home/praveen/public_html/EazyImage/protected/controllers/SiteController.php:99)
Stack trace:
#0 /home/praveen/public_html/yii/framework/web/CController.php(287): SiteController->runAction()
#1 /home/praveen/public_html/yii/framework/web/CController.php(266): SiteController->runActionWithFilters()
#2 /home/praveen/public_html/yii/framework/web/CWebApplication.php(283): SiteController->run()
#3 /home/praveen/public_html/yii/framework/web/CWebApplication.php(142): CWebApplication->runController()
#4 /home/praveen/public_html/yii/framework/base/CApplication.php(162): CWebApplication->processRequest()
#5 /home/praveen/public_html/EazyImage/index.php(13): CWebApplication->run()
REQUEST_URI=/EazyImage/index.php?r=site/UploadImage
in /home/praveen/public_html/EazyImage/protected/controllers/SiteController.php (99)
in /home/praveen/public_html/EazyImage/index.php (13)
2015/04/12 16:07:38 [error] [exception.CException] exception 'CException' with message 'image file not found' in /home/praveen/public_html/EazyImage/protected/extensions/image/Image.php:78
Stack trace:
#0 /home/praveen/public_html/EazyImage/protected/extensions/image/CImageComponent.php(41): Image->__construct('images/1.png', Array)
#1 /home/praveen/public_html/EazyImage/protected/controllers/SiteController.php(113): CImageComponent->load('images/1.png')
#2 /home/praveen/public_html/yii/framework/web/actions/CInlineAction.php(50): SiteController->actionResize()
#3 /home/praveen/public_html/yii/framework/web/CController.php(309): CInlineAction->runWithParams(Array)
#4 /home/praveen/public_html/yii/framework/web/CController.php(287): CController->runAction(Object(CInlineAction))
#5 /home/praveen/public_html/yii/framework/web/CController.php(266): CController->runActionWithFilters(Object(CInlineAction), Array)
#6 /home/praveen/public_html/yii/framework/web/CWebApplication.php(283): CController->run('resize')
#7 /home/praveen/public_html/yii/framework/web/CWebApplication.php(142): CWebApplication->runController('site/resize')
#8 /home/praveen/public_html/yii/framework/base/CApplication.php(162): CWebApplication->processRequest()
#9 /home/praveen/public_html/EazyImage/index.php(13): CApplication->run()
#10 {main}
REQUEST_URI=/EazyImage/index.php?r=site/resize
HTTP_REFERER=http://localhost/EazyImage/index.php?r=site/UploadImage
---
2015/04/12 16:12:55 [error] [php] include(CArray.php): failed to open stream: No such file or directory (/home/praveen/public_html/yii/framework/YiiBase.php:423)
Stack trace:
#0 /home/praveen/public_html/EazyImage/protected/extensions/image/drivers/GD.php(80): spl_autoload_call()
#1 /home/praveen/public_html/EazyImage/protected/extensions/image/Image.php(334): Image_GD_Driver->process()
#2 /home/praveen/public_html/EazyImage/protected/controllers/SiteController.php(117): Image->save()
#3 /home/praveen/public_html/yii/framework/web/actions/CInlineAction.php(50): SiteController->actionResize()
#4 /home/praveen/public_html/yii/framework/web/CController.php(309): CInlineAction->runWithParams()
#5 /home/praveen/public_html/yii/framework/web/CController.php(287): SiteController->runAction()
#6 /home/praveen/public_html/yii/framework/web/CController.php(266): SiteController->runActionWithFilters()
#7 /home/praveen/public_html/yii/framework/web/CWebApplication.php(283): SiteController->run()
#8 /home/praveen/public_html/yii/framework/web/CWebApplication.php(142): CWebApplication->runController()
#9 /home/praveen/public_html/yii/framework/base/CApplication.php(162): CWebApplication->processRequest()
#10 /home/praveen/public_html/EazyImage/index.php(13): CWebApplication->run()
REQUEST_URI=/EazyImage/index.php?r=site/resize
in /home/praveen/public_html/EazyImage/protected/extensions/image/drivers/GD.php (80)
in /home/praveen/public_html/EazyImage/protected/extensions/image/Image.php (334)
in /home/praveen/public_html/EazyImage/protected/controllers/SiteController.php (117)
2015/04/12 16:14:15 [error] [php] include(CArray.php): failed to open stream: No such file or directory (/home/praveen/public_html/yii/framework/YiiBase.php:423)
Stack trace:
#0 /home/praveen/public_html/EazyImage/protected/extensions/image/drivers/GD.php(80): spl_autoload_call()
#1 /home/praveen/public_html/EazyImage/protected/extensions/image/Image.php(334): Image_GD_Driver->process()
#2 /home/praveen/public_html/EazyImage/protected/controllers/SiteController.php(117): Image->save()
#3 /home/praveen/public_html/yii/framework/web/actions/CInlineAction.php(50): SiteController->actionResize()
#4 /home/praveen/public_html/yii/framework/web/CController.php(309): CInlineAction->runWithParams()
#5 /home/praveen/public_html/yii/framework/web/CController.php(287): SiteController->runAction()
#6 /home/praveen/public_html/yii/framework/web/CController.php(266): SiteController->runActionWithFilters()
#7 /home/praveen/public_html/yii/framework/web/CWebApplication.php(283): SiteController->run()
#8 /home/praveen/public_html/yii/framework/web/CWebApplication.php(142): CWebApplication->runController()
#9 /home/praveen/public_html/yii/framework/base/CApplication.php(162): CWebApplication->processRequest()
#10 /home/praveen/public_html/EazyImage/index.php(13): CWebApplication->run()
REQUEST_URI=/EazyImage/index.php?r=site/resize
in /home/praveen/public_html/EazyImage/protected/extensions/image/drivers/GD.php (80)
in /home/praveen/public_html/EazyImage/protected/extensions/image/Image.php (334)
in /home/praveen/public_html/EazyImage/protected/controllers/SiteController.php (117)
2015/04/12 16:20:39 [error] [php] chmod(): Operation not permitted (/home/praveen/public_html/EazyImage/protected/extensions/image/Image.php:339)
Stack trace:
#0 /home/praveen/public_html/yii/framework/web/actions/CInlineAction.php(50): SiteController->actionResize()
#1 /home/praveen/public_html/yii/framework/web/CController.php(309): CInlineAction->runWithParams()
#2 /home/praveen/public_html/yii/framework/web/CController.php(287): SiteController->runAction()
#3 /home/praveen/public_html/yii/framework/web/CController.php(266): SiteController->runActionWithFilters()
#4 /home/praveen/public_html/yii/framework/web/CWebApplication.php(283): SiteController->run()
#5 /home/praveen/public_html/yii/framework/web/CWebApplication.php(142): CWebApplication->runController()
#6 /home/praveen/public_html/yii/framework/base/CApplication.php(162): CWebApplication->processRequest()
#7 /home/praveen/public_html/EazyImage/index.php(13): CWebApplication->run()
REQUEST_URI=/EazyImage/index.php?r=site/resize
in /home/praveen/public_html/EazyImage/protected/extensions/image/Image.php (339)
in /home/praveen/public_html/EazyImage/protected/controllers/SiteController.php (117)
in /home/praveen/public_html/EazyImage/index.php (13)
2015/04/12 16:21:22 [error] [php] chmod(): Operation not permitted (/home/praveen/public_html/EazyImage/protected/extensions/image/Image.php:339)
Stack trace:
#0 /home/praveen/public_html/yii/framework/web/actions/CInlineAction.php(50): SiteController->actionResize()
#1 /home/praveen/public_html/yii/framework/web/CController.php(309): CInlineAction->runWithParams()
#2 /home/praveen/public_html/yii/framework/web/CController.php(287): SiteController->runAction()
#3 /home/praveen/public_html/yii/framework/web/CController.php(266): SiteController->runActionWithFilters()
#4 /home/praveen/public_html/yii/framework/web/CWebApplication.php(283): SiteController->run()
#5 /home/praveen/public_html/yii/framework/web/CWebApplication.php(142): CWebApplication->runController()
#6 /home/praveen/public_html/yii/framework/base/CApplication.php(162): CWebApplication->processRequest()
#7 /home/praveen/public_html/EazyImage/index.php(13): CWebApplication->run()
REQUEST_URI=/EazyImage/index.php?r=site/resize
in /home/praveen/public_html/EazyImage/protected/extensions/image/Image.php (339)
in /home/praveen/public_html/EazyImage/protected/controllers/SiteController.php (117)
in /home/praveen/public_html/EazyImage/index.php (13)
2015/04/12 16:22:34 [error] [php] chmod(): Operation not permitted (/home/praveen/public_html/EazyImage/protected/extensions/image/Image.php:339)
Stack trace:
#0 /home/praveen/public_html/yii/framework/web/actions/CInlineAction.php(50): SiteController->actionResize()
#1 /home/praveen/public_html/yii/framework/web/CController.php(309): CInlineAction->runWithParams()
#2 /home/praveen/public_html/yii/framework/web/CController.php(287): SiteController->runAction()
#3 /home/praveen/public_html/yii/framework/web/CController.php(266): SiteController->runActionWithFilters()
#4 /home/praveen/public_html/yii/framework/web/CWebApplication.php(283): SiteController->run()
#5 /home/praveen/public_html/yii/framework/web/CWebApplication.php(142): CWebApplication->runController()
#6 /home/praveen/public_html/yii/framework/base/CApplication.php(162): CWebApplication->processRequest()
#7 /home/praveen/public_html/EazyImage/index.php(13): CWebApplication->run()
REQUEST_URI=/EazyImage/index.php?r=site/resize
in /home/praveen/public_html/EazyImage/protected/extensions/image/Image.php (339)
in /home/praveen/public_html/EazyImage/protected/controllers/SiteController.php (117)
in /home/praveen/public_html/EazyImage/index.php (13)
2015/04/12 16:46:51 [error] [exception.CException] exception 'CException' with message 'image directory unwritable' in /home/praveen/public_html/EazyImage/protected/extensions/image/Image.php:332
Stack trace:
#0 /home/praveen/public_html/EazyImage/protected/controllers/SiteController.php(117): Image->save()
#1 /home/praveen/public_html/yii/framework/web/actions/CInlineAction.php(50): SiteController->actionResize()
#2 /home/praveen/public_html/yii/framework/web/CController.php(309): CInlineAction->runWithParams(Array)
#3 /home/praveen/public_html/yii/framework/web/CController.php(287): CController->runAction(Object(CInlineAction))
#4 /home/praveen/public_html/yii/framework/web/CController.php(266): CController->runActionWithFilters(Object(CInlineAction), Array)
#5 /home/praveen/public_html/yii/framework/web/CWebApplication.php(283): CController->run('resize')
#6 /home/praveen/public_html/yii/framework/web/CWebApplication.php(142): CWebApplication->runController('site/resize')
#7 /home/praveen/public_html/yii/framework/base/CApplication.php(162): CWebApplication->processRequest()
#8 /home/praveen/public_html/EazyImage/index.php(13): CApplication->run()
#9 {main}
REQUEST_URI=/EazyImage/index.php?r=site/resize
HTTP_REFERER=http://localhost/EazyImage/index.php?r=site/UploadImage
---
2015/04/12 16:48:49 [error] [php] move_uploaded_file(/home/praveen/public_html/EazyImage/protected/../Filerepo/examples.desktop): failed to open stream: Permission denied (/home/praveen/public_html/yii/framework/web/CUploadedFile.php:197)
Stack trace:
#0 /home/praveen/public_html/yii/framework/web/actions/CInlineAction.php(50): SiteController->actionUploadImage()
#1 /home/praveen/public_html/yii/framework/web/CController.php(309): CInlineAction->runWithParams()
#2 /home/praveen/public_html/yii/framework/web/CController.php(287): SiteController->runAction()
#3 /home/praveen/public_html/yii/framework/web/CController.php(266): SiteController->runActionWithFilters()
#4 /home/praveen/public_html/yii/framework/web/CWebApplication.php(283): SiteController->run()
#5 /home/praveen/public_html/yii/framework/web/CWebApplication.php(142): CWebApplication->runController()
#6 /home/praveen/public_html/yii/framework/base/CApplication.php(162): CWebApplication->processRequest()
#7 /home/praveen/public_html/EazyImage/index.php(13): CWebApplication->run()
REQUEST_URI=/EazyImage/index.php?r=site/UploadImage
in /home/praveen/public_html/EazyImage/protected/controllers/SiteController.php (97)
in /home/praveen/public_html/EazyImage/index.php (13)
2015/04/12 17:16:12 [error] [exception.CException] exception 'CException' with message 'Property "Filerepo.id" is not defined.' in /home/praveen/public_html/yii/framework/base/CComponent.php:131
Stack trace:
#0 /home/praveen/public_html/yii/framework/db/ar/CActiveRecord.php(144): CComponent->__get('id')
#1 /home/praveen/public_html/EazyImage/protected/controllers/SiteController.php(102): CActiveRecord->__get('id')
#2 /home/praveen/public_html/yii/framework/web/actions/CInlineAction.php(50): SiteController->actionUploadImage()
#3 /home/praveen/public_html/yii/framework/web/CController.php(309): CInlineAction->runWithParams(Array)
#4 /home/praveen/public_html/yii/framework/web/CController.php(287): CController->runAction(Object(CInlineAction))
#5 /home/praveen/public_html/yii/framework/web/CController.php(266): CController->runActionWithFilters(Object(CInlineAction), Array)
#6 /home/praveen/public_html/yii/framework/web/CWebApplication.php(283): CController->run('UploadImage')
#7 /home/praveen/public_html/yii/framework/web/CWebApplication.php(142): CWebApplication->runController('site/UploadImag...')
#8 /home/praveen/public_html/yii/framework/base/CApplication.php(162): CWebApplication->processRequest()
#9 /home/praveen/public_html/EazyImage/index.php(13): CApplication->run()
#10 {main}
REQUEST_URI=/EazyImage/index.php?r=site/UploadImage
HTTP_REFERER=http://localhost/EazyImage/index.php?r=site/UploadImage
---
2015/04/12 17:37:05 [error] [exception.CException] exception 'CException' with message 'CActiveForm and its behaviors do not have a method or closure named "selectField".' in /home/praveen/public_html/yii/framework/base/CComponent.php:266
Stack trace:
#0 /home/praveen/public_html/EazyImage/protected/views/site/UploadImage.php(28): CComponent->__call('selectField', Array)
#1 /home/praveen/public_html/EazyImage/protected/views/site/UploadImage.php(28): CActiveForm->selectField(Object(Filerepo), 's_size')
#2 /home/praveen/public_html/yii/framework/web/CBaseController.php(127): require('/home/praveen/p...')
#3 /home/praveen/public_html/yii/framework/web/CBaseController.php(96): CBaseController->renderInternal('/home/praveen/p...', Array, true)
#4 /home/praveen/public_html/yii/framework/web/CController.php(870): CBaseController->renderFile('/home/praveen/p...', Array, true)
#5 /home/praveen/public_html/yii/framework/web/CController.php(783): CController->renderPartial('UploadImage', Array, true)
#6 /home/praveen/public_html/EazyImage/protected/controllers/SiteController.php(108): CController->render('UploadImage', Array)
#7 /home/praveen/public_html/yii/framework/web/actions/CInlineAction.php(50): SiteController->actionUploadImage()
#8 /home/praveen/public_html/yii/framework/web/CController.php(309): CInlineAction->runWithParams(Array)
#9 /home/praveen/public_html/yii/framework/web/CController.php(287): CController->runAction(Object(CInlineAction))
#10 /home/praveen/public_html/yii/framework/web/CController.php(266): CController->runActionWithFilters(Object(CInlineAction), Array)
#11 /home/praveen/public_html/yii/framework/web/CWebApplication.php(283): CController->run('UploadImage')
#12 /home/praveen/public_html/yii/framework/web/CWebApplication.php(142): CWebApplication->runController('site/UploadImag...')
#13 /home/praveen/public_html/yii/framework/base/CApplication.php(162): CWebApplication->processRequest()
#14 /home/praveen/public_html/EazyImage/index.php(13): CApplication->run()
#15 {main}
REQUEST_URI=/EazyImage/index.php?r=site/UploadImage
---
2015/04/12 17:37:17 [error] [exception.CException] exception 'CException' with message 'CActiveForm and its behaviors do not have a method or closure named "select".' in /home/praveen/public_html/yii/framework/base/CComponent.php:266
Stack trace:
#0 /home/praveen/public_html/EazyImage/protected/views/site/UploadImage.php(28): CComponent->__call('select', Array)
#1 /home/praveen/public_html/EazyImage/protected/views/site/UploadImage.php(28): CActiveForm->select(Object(Filerepo), 's_size')
#2 /home/praveen/public_html/yii/framework/web/CBaseController.php(127): require('/home/praveen/p...')
#3 /home/praveen/public_html/yii/framework/web/CBaseController.php(96): CBaseController->renderInternal('/home/praveen/p...', Array, true)
#4 /home/praveen/public_html/yii/framework/web/CController.php(870): CBaseController->renderFile('/home/praveen/p...', Array, true)
#5 /home/praveen/public_html/yii/framework/web/CController.php(783): CController->renderPartial('UploadImage', Array, true)
#6 /home/praveen/public_html/EazyImage/protected/controllers/SiteController.php(108): CController->render('UploadImage', Array)
#7 /home/praveen/public_html/yii/framework/web/actions/CInlineAction.php(50): SiteController->actionUploadImage()
#8 /home/praveen/public_html/yii/framework/web/CController.php(309): CInlineAction->runWithParams(Array)
#9 /home/praveen/public_html/yii/framework/web/CController.php(287): CController->runAction(Object(CInlineAction))
#10 /home/praveen/public_html/yii/framework/web/CController.php(266): CController->runActionWithFilters(Object(CInlineAction), Array)
#11 /home/praveen/public_html/yii/framework/web/CWebApplication.php(283): CController->run('UploadImage')
#12 /home/praveen/public_html/yii/framework/web/CWebApplication.php(142): CWebApplication->runController('site/UploadImag...')
#13 /home/praveen/public_html/yii/framework/base/CApplication.php(162): CWebApplication->processRequest()
#14 /home/praveen/public_html/EazyImage/index.php(13): CApplication->run()
#15 {main}
REQUEST_URI=/EazyImage/index.php?r=site/UploadImage
---
2015/04/12 17:38:37 [error] [php] Missing argument 3 for CActiveForm::dropDownList(), called in /home/praveen/public_html/EazyImage/protected/views/site/UploadImage.php on line 28 and defined (/home/praveen/public_html/yii/framework/web/widgets/CActiveForm.php:762)
Stack trace:
#0 /home/praveen/public_html/yii/framework/web/CBaseController.php(96): SiteController->renderInternal()
#1 /home/praveen/public_html/yii/framework/web/CController.php(870): SiteController->renderFile()
#2 /home/praveen/public_html/yii/framework/web/CController.php(783): SiteController->renderPartial()
#3 /home/praveen/public_html/EazyImage/protected/controllers/SiteController.php(108): SiteController->render()
#4 /home/praveen/public_html/yii/framework/web/actions/CInlineAction.php(50): SiteController->actionUploadImage()
#5 /home/praveen/public_html/yii/framework/web/CController.php(309): CInlineAction->runWithParams()
#6 /home/praveen/public_html/yii/framework/web/CController.php(287): SiteController->runAction()
#7 /home/praveen/public_html/yii/framework/web/CController.php(266): SiteController->runActionWithFilters()
#8 /home/praveen/public_html/yii/framework/web/CWebApplication.php(283): SiteController->run()
#9 /home/praveen/public_html/yii/framework/web/CWebApplication.php(142): CWebApplication->runController()
#10 /home/praveen/public_html/yii/framework/base/CApplication.php(162): CWebApplication->processRequest()
#11 /home/praveen/public_html/EazyImage/index.php(13): CWebApplication->run()
REQUEST_URI=/EazyImage/index.php?r=site/UploadImage
in /home/praveen/public_html/EazyImage/protected/views/site/UploadImage.php (28)
in /home/praveen/public_html/EazyImage/protected/controllers/SiteController.php (108)
in /home/praveen/public_html/EazyImage/index.php (13)
2015/04/12 17:40:17 [error] [exception.CException] exception 'CException' with message 'Property "Filerepo.s_size" is not defined.' in /home/praveen/public_html/yii/framework/base/CComponent.php:131
Stack trace:
#0 /home/praveen/public_html/yii/framework/db/ar/CActiveRecord.php(144): CComponent->__get('s_size')
#1 /home/praveen/public_html/yii/framework/web/helpers/CHtml.php(2158): CActiveRecord->__get('s_size')
#2 /home/praveen/public_html/yii/framework/web/helpers/CHtml.php(1515): CHtml::resolveValue(Object(Filerepo), 's_size')
#3 /home/praveen/public_html/yii/framework/web/widgets/CActiveForm.php(764): CHtml::activeDropDownList(Object(Filerepo), 's_size', Array, Array)
#4 /home/praveen/public_html/EazyImage/protected/views/site/UploadImage.php(28): CActiveForm->dropDownList(Object(Filerepo), 's_size', Array)
#5 /home/praveen/public_html/yii/framework/web/CBaseController.php(127): require('/home/praveen/p...')
#6 /home/praveen/public_html/yii/framework/web/CBaseController.php(96): CBaseController->renderInternal('/home/praveen/p...', Array, true)
#7 /home/praveen/public_html/yii/framework/web/CController.php(870): CBaseController->renderFile('/home/praveen/p...', Array, true)
#8 /home/praveen/public_html/yii/framework/web/CController.php(783): CController->renderPartial('UploadImage', Array, true)
#9 /home/praveen/public_html/EazyImage/protected/controllers/SiteController.php(108): CController->render('UploadImage', Array)
#10 /home/praveen/public_html/yii/framework/web/actions/CInlineAction.php(50): SiteController->actionUploadImage()
#11 /home/praveen/public_html/yii/framework/web/CController.php(309): CInlineAction->runWithParams(Array)
#12 /home/praveen/public_html/yii/framework/web/CController.php(287): CController->runAction(Object(CInlineAction))
#13 /home/praveen/public_html/yii/framework/web/CController.php(266): CController->runActionWithFilters(Object(CInlineAction), Array)
#14 /home/praveen/public_html/yii/framework/web/CWebApplication.php(283): CController->run('UploadImage')
#15 /home/praveen/public_html/yii/framework/web/CWebApplication.php(142): CWebApplication->runController('site/UploadImag...')
#16 /home/praveen/public_html/yii/framework/base/CApplication.php(162): CWebApplication->processRequest()
#17 /home/praveen/public_html/EazyImage/index.php(13): CApplication->run()
#18 {main}
REQUEST_URI=/EazyImage/index.php?r=site/UploadImage
---
2015/04/12 18:05:28 [error] [exception.CException] exception 'CException' with message 'Property "CFileValidator.type" is not defined.' in /home/praveen/public_html/yii/framework/base/CComponent.php:174
Stack trace:
#0 /home/praveen/public_html/yii/framework/validators/CValidator.php(190): CComponent->__set('type', 'jpg, gif, png, ...')
#1 /home/praveen/public_html/yii/framework/base/CModel.php(285): CValidator::createValidator('file', Object(Filerepo), 'name', Array)
#2 /home/praveen/public_html/yii/framework/base/CModel.php(259): CModel->createValidators()
#3 /home/praveen/public_html/yii/framework/base/CModel.php(302): CModel->getValidators('name')
#4 /home/praveen/public_html/yii/framework/web/helpers/CHtml.php(1197): CModel->isAttributeRequired('name')
#5 /home/praveen/public_html/yii/framework/web/widgets/CActiveForm.php(563): CHtml::activeLabelEx(Object(Filerepo), 'name', Array)
#6 /home/praveen/public_html/EazyImage/protected/views/site/UploadImage.php(20): CActiveForm->labelEx(Object(Filerepo), 'name')
#7 /home/praveen/public_html/yii/framework/web/CBaseController.php(127): require('/home/praveen/p...')
#8 /home/praveen/public_html/yii/framework/web/CBaseController.php(96): CBaseController->renderInternal('/home/praveen/p...', Array, true)
#9 /home/praveen/public_html/yii/framework/web/CController.php(870): CBaseController->renderFile('/home/praveen/p...', Array, true)
#10 /home/praveen/public_html/yii/framework/web/CController.php(783): CController->renderPartial('UploadImage', Array, true)
#11 /home/praveen/public_html/EazyImage/protected/controllers/SiteController.php(108): CController->render('UploadImage', Array)
#12 /home/praveen/public_html/yii/framework/web/actions/CInlineAction.php(50): SiteController->actionUploadImage()
#13 /home/praveen/public_html/yii/framework/web/CController.php(309): CInlineAction->runWithParams(Array)
#14 /home/praveen/public_html/yii/framework/web/CController.php(287): CController->runAction(Object(CInlineAction))
#15 /home/praveen/public_html/yii/framework/web/CController.php(266): CController->runActionWithFilters(Object(CInlineAction), Array)
#16 /home/praveen/public_html/yii/framework/web/CWebApplication.php(283): CController->run('UploadImage')
#17 /home/praveen/public_html/yii/framework/web/CWebApplication.php(142): CWebApplication->runController('site/UploadImag...')
#18 /home/praveen/public_html/yii/framework/base/CApplication.php(162): CWebApplication->processRequest()
#19 /home/praveen/public_html/EazyImage/index.php(13): CApplication->run()
#20 {main}
REQUEST_URI=/EazyImage/index.php?r=site/UploadImage
---
2015/04/12 18:06:50 [error] [exception.CException] exception 'CException' with message 'Property "Filerepo.o_width" is not defined.' in /home/praveen/public_html/yii/framework/base/CComponent.php:174
Stack trace:
#0 /home/praveen/public_html/yii/framework/db/ar/CActiveRecord.php(160): CComponent->__set('o_width', 0)
#1 /home/praveen/public_html/EazyImage/protected/controllers/SiteController.php(87): CActiveRecord->__set('o_width', 0)
#2 /home/praveen/public_html/yii/framework/web/actions/CInlineAction.php(50): SiteController->actionUploadImage()
#3 /home/praveen/public_html/yii/framework/web/CController.php(309): CInlineAction->runWithParams(Array)
#4 /home/praveen/public_html/yii/framework/web/CController.php(287): CController->runAction(Object(CInlineAction))
#5 /home/praveen/public_html/yii/framework/web/CController.php(266): CController->runActionWithFilters(Object(CInlineAction), Array)
#6 /home/praveen/public_html/yii/framework/web/CWebApplication.php(283): CController->run('UploadImage')
#7 /home/praveen/public_html/yii/framework/web/CWebApplication.php(142): CWebApplication->runController('site/UploadImag...')
#8 /home/praveen/public_html/yii/framework/base/CApplication.php(162): CWebApplication->processRequest()
#9 /home/praveen/public_html/EazyImage/index.php(13): CApplication->run()
#10 {main}
REQUEST_URI=/EazyImage/index.php?r=site/UploadImage
HTTP_REFERER=http://localhost/EazyImage/index.php?r=site/UploadImage
---
2015/04/12 18:13:43 [error] [php] Undefined index: s_size (/home/praveen/public_html/EazyImage/protected/controllers/SiteController.php:88)
Stack trace:
#0 /home/praveen/public_html/yii/framework/web/CController.php(287): SiteController->runAction()
#1 /home/praveen/public_html/yii/framework/web/CController.php(266): SiteController->runActionWithFilters()
#2 /home/praveen/public_html/yii/framework/web/CWebApplication.php(283): SiteController->run()
#3 /home/praveen/public_html/yii/framework/web/CWebApplication.php(142): CWebApplication->runController()
#4 /home/praveen/public_html/yii/framework/base/CApplication.php(162): CWebApplication->processRequest()
#5 /home/praveen/public_html/EazyImage/index.php(13): CWebApplication->run()
REQUEST_URI=/EazyImage/index.php?r=site/UploadImage
in /home/praveen/public_html/EazyImage/protected/controllers/SiteController.php (88)
in /home/praveen/public_html/EazyImage/index.php (13)
2015/04/12 18:15:12 [error] [php] Trying to get property of non-object (/home/praveen/public_html/EazyImage/protected/controllers/SiteController.php:88)
Stack trace:
#0 /home/praveen/public_html/yii/framework/web/CController.php(287): SiteController->runAction()
#1 /home/praveen/public_html/yii/framework/web/CController.php(266): SiteController->runActionWithFilters()
#2 /home/praveen/public_html/yii/framework/web/CWebApplication.php(283): SiteController->run()
#3 /home/praveen/public_html/yii/framework/web/CWebApplication.php(142): CWebApplication->runController()
#4 /home/praveen/public_html/yii/framework/base/CApplication.php(162): CWebApplication->processRequest()
#5 /home/praveen/public_html/EazyImage/index.php(13): CWebApplication->run()
REQUEST_URI=/EazyImage/index.php?r=site/UploadImage
in /home/praveen/public_html/EazyImage/protected/controllers/SiteController.php (88)
in /home/praveen/public_html/EazyImage/index.php (13)
2015/04/12 23:04:22 [error] [php] Trying to get property of non-object (/home/praveen/public_html/EazyImage/protected/controllers/SiteController.php:85)
Stack trace:
#0 /home/praveen/public_html/yii/framework/web/CController.php(287): SiteController->runAction()
#1 /home/praveen/public_html/yii/framework/web/CController.php(266): SiteController->runActionWithFilters()
#2 /home/praveen/public_html/yii/framework/web/CWebApplication.php(283): SiteController->run()
#3 /home/praveen/public_html/yii/framework/web/CWebApplication.php(142): CWebApplication->runController()
#4 /home/praveen/public_html/yii/framework/base/CApplication.php(162): CWebApplication->processRequest()
#5 /home/praveen/public_html/EazyImage/index.php(13): CWebApplication->run()
REQUEST_URI=/EazyImage/index.php?r=site/UploadImage
in /home/praveen/public_html/EazyImage/protected/controllers/SiteController.php (85)
in /home/praveen/public_html/EazyImage/index.php (13)
2015/04/12 23:06:24 [error] [php] Trying to get property of non-object (/home/praveen/public_html/EazyImage/protected/controllers/SiteController.php:85)
Stack trace:
#0 /home/praveen/public_html/yii/framework/web/CController.php(287): SiteController->runAction()
#1 /home/praveen/public_html/yii/framework/web/CController.php(266): SiteController->runActionWithFilters()
#2 /home/praveen/public_html/yii/framework/web/CWebApplication.php(283): SiteController->run()
#3 /home/praveen/public_html/yii/framework/web/CWebApplication.php(142): CWebApplication->runController()
#4 /home/praveen/public_html/yii/framework/base/CApplication.php(162): CWebApplication->processRequest()
#5 /home/praveen/public_html/EazyImage/index.php(13): CWebApplication->run()
REQUEST_URI=/EazyImage/index.php?r=site/UploadImage
in /home/praveen/public_html/EazyImage/protected/controllers/SiteController.php (85)
in /home/praveen/public_html/EazyImage/index.php (13)
2015/04/12 23:21:59 [error] [php] Undefined variable: extention (/home/praveen/public_html/EazyImage/protected/controllers/SiteController.php:91)
Stack trace:
#0 /home/praveen/public_html/yii/framework/web/CController.php(287): SiteController->runAction()
#1 /home/praveen/public_html/yii/framework/web/CController.php(266): SiteController->runActionWithFilters()
#2 /home/praveen/public_html/yii/framework/web/CWebApplication.php(283): SiteController->run()
#3 /home/praveen/public_html/yii/framework/web/CWebApplication.php(142): CWebApplication->runController()
#4 /home/praveen/public_html/yii/framework/base/CApplication.php(162): CWebApplication->processRequest()
#5 /home/praveen/public_html/EazyImage/index.php(13): CWebApplication->run()
REQUEST_URI=/EazyImage/index.php?r=site/UploadImage
in /home/praveen/public_html/EazyImage/protected/controllers/SiteController.php (91)
in /home/praveen/public_html/EazyImage/index.php (13)
2015/04/12 23:22:56 [error] [php] Undefined offset: 1 (/home/praveen/public_html/EazyImage/protected/controllers/SiteController.php:89)
Stack trace:
#0 /home/praveen/public_html/yii/framework/web/CController.php(287): SiteController->runAction()
#1 /home/praveen/public_html/yii/framework/web/CController.php(266): SiteController->runActionWithFilters()
#2 /home/praveen/public_html/yii/framework/web/CWebApplication.php(283): SiteController->run()
#3 /home/praveen/public_html/yii/framework/web/CWebApplication.php(142): CWebApplication->runController()
#4 /home/praveen/public_html/yii/framework/base/CApplication.php(162): CWebApplication->processRequest()
#5 /home/praveen/public_html/EazyImage/index.php(13): CWebApplication->run()
REQUEST_URI=/EazyImage/index.php?r=site/UploadImage
in /home/praveen/public_html/EazyImage/protected/controllers/SiteController.php (89)
in /home/praveen/public_html/EazyImage/index.php (13)
2015/04/12 23:23:37 [error] [php] Undefined variable: extention (/home/praveen/public_html/EazyImage/protected/controllers/SiteController.php:92)
Stack trace:
#0 /home/praveen/public_html/yii/framework/web/CController.php(287): SiteController->runAction()
#1 /home/praveen/public_html/yii/framework/web/CController.php(266): SiteController->runActionWithFilters()
#2 /home/praveen/public_html/yii/framework/web/CWebApplication.php(283): SiteController->run()
#3 /home/praveen/public_html/yii/framework/web/CWebApplication.php(142): CWebApplication->runController()
#4 /home/praveen/public_html/yii/framework/base/CApplication.php(162): CWebApplication->processRequest()
#5 /home/praveen/public_html/EazyImage/index.php(13): CWebApplication->run()
REQUEST_URI=/EazyImage/index.php?r=site/UploadImage
in /home/praveen/public_html/EazyImage/protected/controllers/SiteController.php (92)
in /home/praveen/public_html/EazyImage/index.php (13)
2015/04/12 23:33:09 [error] [php] Undefined offset: 1 (/home/praveen/public_html/EazyImage/protected/controllers/SiteController.php:88)
Stack trace:
#0 /home/praveen/public_html/yii/framework/web/CController.php(287): SiteController->runAction()
#1 /home/praveen/public_html/yii/framework/web/CController.php(266): SiteController->runActionWithFilters()
#2 /home/praveen/public_html/yii/framework/web/CWebApplication.php(283): SiteController->run()
#3 /home/praveen/public_html/yii/framework/web/CWebApplication.php(142): CWebApplication->runController()
#4 /home/praveen/public_html/yii/framework/base/CApplication.php(162): CWebApplication->processRequest()
#5 /home/praveen/public_html/EazyImage/index.php(13): CWebApplication->run()
REQUEST_URI=/EazyImage/index.php?r=site/UploadImage
in /home/praveen/public_html/EazyImage/protected/controllers/SiteController.php (88)
in /home/praveen/public_html/EazyImage/index.php (13)
2015/04/12 23:34:32 [error] [php] Undefined offset: 1 (/home/praveen/public_html/EazyImage/protected/controllers/SiteController.php:89)
Stack trace:
#0 /home/praveen/public_html/yii/framework/web/CController.php(287): SiteController->runAction()
#1 /home/praveen/public_html/yii/framework/web/CController.php(266): SiteController->runActionWithFilters()
#2 /home/praveen/public_html/yii/framework/web/CWebApplication.php(283): SiteController->run()
#3 /home/praveen/public_html/yii/framework/web/CWebApplication.php(142): CWebApplication->runController()
#4 /home/praveen/public_html/yii/framework/base/CApplication.php(162): CWebApplication->processRequest()
#5 /home/praveen/public_html/EazyImage/index.php(13): CWebApplication->run()
REQUEST_URI=/EazyImage/index.php?r=site/UploadImage
in /home/praveen/public_html/EazyImage/protected/controllers/SiteController.php (89)
in /home/praveen/public_html/EazyImage/index.php (13)
2015/04/12 23:34:53 [error] [php] Undefined offset: 1 (/home/praveen/public_html/EazyImage/protected/controllers/SiteController.php:89)
Stack trace:
#0 /home/praveen/public_html/yii/framework/web/CController.php(287): SiteController->runAction()
#1 /home/praveen/public_html/yii/framework/web/CController.php(266): SiteController->runActionWithFilters()
#2 /home/praveen/public_html/yii/framework/web/CWebApplication.php(283): SiteController->run()
#3 /home/praveen/public_html/yii/framework/web/CWebApplication.php(142): CWebApplication->runController()
#4 /home/praveen/public_html/yii/framework/base/CApplication.php(162): CWebApplication->processRequest()
#5 /home/praveen/public_html/EazyImage/index.php(13): CWebApplication->run()
REQUEST_URI=/EazyImage/index.php?r=site/UploadImage
in /home/praveen/public_html/EazyImage/protected/controllers/SiteController.php (89)
in /home/praveen/public_html/EazyImage/index.php (13)
2015/04/12 23:50:48 [error] [php] Trying to get property of non-object (/home/praveen/public_html/EazyImage/protected/controllers/SiteController.php:88)
Stack trace:
#0 /home/praveen/public_html/yii/framework/web/CController.php(287): SiteController->runAction()
#1 /home/praveen/public_html/yii/framework/web/CController.php(266): SiteController->runActionWithFilters()
#2 /home/praveen/public_html/yii/framework/web/CWebApplication.php(283): SiteController->run()
#3 /home/praveen/public_html/yii/framework/web/CWebApplication.php(142): CWebApplication->runController()
#4 /home/praveen/public_html/yii/framework/base/CApplication.php(162): CWebApplication->processRequest()
#5 /home/praveen/public_html/EazyImage/index.php(13): CWebApplication->run()
REQUEST_URI=/EazyImage/index.php?r=site/UploadImage
in /home/praveen/public_html/EazyImage/protected/controllers/SiteController.php (88)
in /home/praveen/public_html/EazyImage/index.php (13)
2015/04/13 00:18:53 [error] [php] Trying to get property of non-object (/home/praveen/public_html/EazyImage/protected/controllers/SiteController.php:88)
Stack trace:
#0 /home/praveen/public_html/yii/framework/web/CController.php(287): SiteController->runAction()
#1 /home/praveen/public_html/yii/framework/web/CController.php(266): SiteController->runActionWithFilters()
#2 /home/praveen/public_html/yii/framework/web/CWebApplication.php(283): SiteController->run()
#3 /home/praveen/public_html/yii/framework/web/CWebApplication.php(142): CWebApplication->runController()
#4 /home/praveen/public_html/yii/framework/base/CApplication.php(162): CWebApplication->processRequest()
#5 /home/praveen/public_html/EazyImage/index.php(13): CWebApplication->run()
REQUEST_URI=/EazyImage/index.php?r=site/UploadImage
in /home/praveen/public_html/EazyImage/protected/controllers/SiteController.php (88)
in /home/praveen/public_html/EazyImage/index.php (13)
2015/04/13 00:20:14 [error] [php] Trying to get property of non-object (/home/praveen/public_html/EazyImage/protected/controllers/SiteController.php:88)
Stack trace:
#0 /home/praveen/public_html/yii/framework/web/CController.php(287): SiteController->runAction()
#1 /home/praveen/public_html/yii/framework/web/CController.php(266): SiteController->runActionWithFilters()
#2 /home/praveen/public_html/yii/framework/web/CWebApplication.php(283): SiteController->run()
#3 /home/praveen/public_html/yii/framework/web/CWebApplication.php(142): CWebApplication->runController()
#4 /home/praveen/public_html/yii/framework/base/CApplication.php(162): CWebApplication->processRequest()
#5 /home/praveen/public_html/EazyImage/index.php(13): CWebApplication->run()
REQUEST_URI=/EazyImage/index.php?r=site/UploadImage
in /home/praveen/public_html/EazyImage/protected/controllers/SiteController.php (88)
in /home/praveen/public_html/EazyImage/index.php (13)
2015/04/13 00:22:21 [error] [php] Undefined offset: 1 (/home/praveen/public_html/EazyImage/protected/controllers/SiteController.php:90)
Stack trace:
#0 /home/praveen/public_html/yii/framework/web/CController.php(287): SiteController->runAction()
#1 /home/praveen/public_html/yii/framework/web/CController.php(266): SiteController->runActionWithFilters()
#2 /home/praveen/public_html/yii/framework/web/CWebApplication.php(283): SiteController->run()
#3 /home/praveen/public_html/yii/framework/web/CWebApplication.php(142): CWebApplication->runController()
#4 /home/praveen/public_html/yii/framework/base/CApplication.php(162): CWebApplication->processRequest()
#5 /home/praveen/public_html/EazyImage/index.php(13): CWebApplication->run()
REQUEST_URI=/EazyImage/index.php?r=site/UploadImage
in /home/praveen/public_html/EazyImage/protected/controllers/SiteController.php (90)
in /home/praveen/public_html/EazyImage/index.php (13)
2015/04/13 00:23:00 [error] [php] Undefined offset: 1 (/home/praveen/public_html/EazyImage/protected/controllers/SiteController.php:91)
Stack trace:
#0 /home/praveen/public_html/yii/framework/web/CController.php(287): SiteController->runAction()
#1 /home/praveen/public_html/yii/framework/web/CController.php(266): SiteController->runActionWithFilters()
#2 /home/praveen/public_html/yii/framework/web/CWebApplication.php(283): SiteController->run()
#3 /home/praveen/public_html/yii/framework/web/CWebApplication.php(142): CWebApplication->runController()
#4 /home/praveen/public_html/yii/framework/base/CApplication.php(162): CWebApplication->processRequest()
#5 /home/praveen/public_html/EazyImage/index.php(13): CWebApplication->run()
REQUEST_URI=/EazyImage/index.php?r=site/UploadImage
in /home/praveen/public_html/EazyImage/protected/controllers/SiteController.php (91)
in /home/praveen/public_html/EazyImage/index.php (13)
2015/04/13 00:24:44 [error] [php] Trying to get property of non-object (/home/praveen/public_html/EazyImage/protected/controllers/SiteController.php:85)
Stack trace:
#0 /home/praveen/public_html/yii/framework/web/CController.php(287): SiteController->runAction()
#1 /home/praveen/public_html/yii/framework/web/CController.php(266): SiteController->runActionWithFilters()
#2 /home/praveen/public_html/yii/framework/web/CWebApplication.php(283): SiteController->run()
#3 /home/praveen/public_html/yii/framework/web/CWebApplication.php(142): CWebApplication->runController()
#4 /home/praveen/public_html/yii/framework/base/CApplication.php(162): CWebApplication->processRequest()
#5 /home/praveen/public_html/EazyImage/index.php(13): CWebApplication->run()
REQUEST_URI=/EazyImage/index.php?r=site/UploadImage
in /home/praveen/public_html/EazyImage/protected/controllers/SiteController.php (85)
in /home/praveen/public_html/EazyImage/index.php (13)
2015/04/13 00:26:42 [error] [php] Undefined offset: 1 (/home/praveen/public_html/EazyImage/protected/controllers/SiteController.php:91)
Stack trace:
#0 /home/praveen/public_html/yii/framework/web/CController.php(287): SiteController->runAction()
#1 /home/praveen/public_html/yii/framework/web/CController.php(266): SiteController->runActionWithFilters()
#2 /home/praveen/public_html/yii/framework/web/CWebApplication.php(283): SiteController->run()
#3 /home/praveen/public_html/yii/framework/web/CWebApplication.php(142): CWebApplication->runController()
#4 /home/praveen/public_html/yii/framework/base/CApplication.php(162): CWebApplication->processRequest()
#5 /home/praveen/public_html/EazyImage/index.php(13): CWebApplication->run()
REQUEST_URI=/EazyImage/index.php?r=site/UploadImage
in /home/praveen/public_html/EazyImage/protected/controllers/SiteController.php (91)
in /home/praveen/public_html/EazyImage/index.php (13)
2015/04/13 00:27:34 [error] [php] Undefined offset: 1 (/home/praveen/public_html/EazyImage/protected/controllers/SiteController.php:90)
Stack trace:
#0 /home/praveen/public_html/yii/framework/web/CController.php(287): SiteController->runAction()
#1 /home/praveen/public_html/yii/framework/web/CController.php(266): SiteController->runActionWithFilters()
#2 /home/praveen/public_html/yii/framework/web/CWebApplication.php(283): SiteController->run()
#3 /home/praveen/public_html/yii/framework/web/CWebApplication.php(142): CWebApplication->runController()
#4 /home/praveen/public_html/yii/framework/base/CApplication.php(162): CWebApplication->processRequest()
#5 /home/praveen/public_html/EazyImage/index.php(13): CWebApplication->run()
REQUEST_URI=/EazyImage/index.php?r=site/UploadImage
in /home/praveen/public_html/EazyImage/protected/controllers/SiteController.php (90)
in /home/praveen/public_html/EazyImage/index.php (13)
2015/04/13 01:07:33 [error] [exception.CException] exception 'CException' with message 'image file not found' in /home/praveen/public_html/EazyImage/protected/extensions/image/Image.php:78
Stack trace:
#0 /home/praveen/public_html/EazyImage/protected/controllers/SiteController.php(129): Image->__construct('images/Impressi...')
#1 /home/praveen/public_html/yii/framework/web/actions/CInlineAction.php(50): SiteController->actionResize()
#2 /home/praveen/public_html/yii/framework/web/CController.php(309): CInlineAction->runWithParams(Array)
#3 /home/praveen/public_html/yii/framework/web/CController.php(287): CController->runAction(Object(CInlineAction))
#4 /home/praveen/public_html/yii/framework/web/CController.php(266): CController->runActionWithFilters(Object(CInlineAction), Array)
#5 /home/praveen/public_html/yii/framework/web/CWebApplication.php(283): CController->run('resize')
#6 /home/praveen/public_html/yii/framework/web/CWebApplication.php(142): CWebApplication->runController('site/resize')
#7 /home/praveen/public_html/yii/framework/base/CApplication.php(162): CWebApplication->processRequest()
#8 /home/praveen/public_html/EazyImage/index.php(13): CApplication->run()
#9 {main}
REQUEST_URI=/EazyImage/index.php?r=site/resize
HTTP_REFERER=http://localhost/EazyImage/index.php?r=site/UploadImage
---
2015/04/13 01:10:27 [error] [exception.CException] exception 'CException' with message 'image file not found' in /home/praveen/public_html/EazyImage/protected/extensions/image/Image.php:78
Stack trace:
#0 /home/praveen/public_html/EazyImage/protected/controllers/SiteController.php(129): Image->__construct('images/78jpg')
#1 /home/praveen/public_html/yii/framework/web/actions/CInlineAction.php(50): SiteController->actionResize()
#2 /home/praveen/public_html/yii/framework/web/CController.php(309): CInlineAction->runWithParams(Array)
#3 /home/praveen/public_html/yii/framework/web/CController.php(287): CController->runAction(Object(CInlineAction))
#4 /home/praveen/public_html/yii/framework/web/CController.php(266): CController->runActionWithFilters(Object(CInlineAction), Array)
#5 /home/praveen/public_html/yii/framework/web/CWebApplication.php(283): CController->run('resize')
#6 /home/praveen/public_html/yii/framework/web/CWebApplication.php(142): CWebApplication->runController('site/resize')
#7 /home/praveen/public_html/yii/framework/base/CApplication.php(162): CWebApplication->processRequest()
#8 /home/praveen/public_html/EazyImage/index.php(13): CApplication->run()
#9 {main}
REQUEST_URI=/EazyImage/index.php?r=site/resize
HTTP_REFERER=http://localhost/EazyImage/index.php?r=site/UploadImage
---
2015/04/13 01:33:00 [error] [exception.CException] exception 'CException' with message 'image file unreadable' in /home/praveen/public_html/EazyImage/protected/extensions/image/Image.php:91
Stack trace:
#0 /home/praveen/public_html/EazyImage/protected/controllers/SiteController.php(129): Image->__construct('images/83.pdf')
#1 /home/praveen/public_html/yii/framework/web/actions/CInlineAction.php(50): SiteController->actionResize()
#2 /home/praveen/public_html/yii/framework/web/CController.php(309): CInlineAction->runWithParams(Array)
#3 /home/praveen/public_html/yii/framework/web/CController.php(287): CController->runAction(Object(CInlineAction))
#4 /home/praveen/public_html/yii/framework/web/CController.php(266): CController->runActionWithFilters(Object(CInlineAction), Array)
#5 /home/praveen/public_html/yii/framework/web/CWebApplication.php(283): CController->run('resize')
#6 /home/praveen/public_html/yii/framework/web/CWebApplication.php(142): CWebApplication->runController('site/resize')
#7 /home/praveen/public_html/yii/framework/base/CApplication.php(162): CWebApplication->processRequest()
#8 /home/praveen/public_html/EazyImage/index.php(13): CApplication->run()
#9 {main}
REQUEST_URI=/EazyImage/index.php?r=site/resize
HTTP_REFERER=http://localhost/EazyImage/index.php?r=site/UploadImage
---
